<?xml version="1.0" encoding="UTF-8"?>
<!-- Generated by org.testng.reporters.JUnitReportReporter -->
<testsuite hostname="WSAMZN-1TV72SN0" failures="0" tests="3" name="app.netlify.automation.scenario1" time="17.844" errors="0" timestamp="2021-05-18T22:06:56 AEST" skipped="0">
  <testcase classname="app.netlify.automation.scenario1" name="s1" time="7.582"/>
  <system-out/>
  <testcase classname="app.netlify.automation.scenario1" name="s1" time="3.728"/>
  <system-out/>
  <testcase classname="app.netlify.automation.scenario1" name="s1" time="6.534"/>
  <system-out/>
</testsuite> <!-- app.netlify.automation.scenario1 -->
