<?xml version="1.0" encoding="UTF-8"?>
<!-- Generated by org.testng.reporters.JUnitReportReporter -->
<testsuite hostname="WSAMZN-1TV72SN0" failures="0" tests="10" name="app.netlify.automation.scenario2" time="161.061" errors="0" timestamp="2021-05-18T20:00:24 AEST" skipped="0">
  <testcase classname="app.netlify.automation.scenario2" name="s2" time="6.779"/>
  <system-out/>
  <testcase classname="app.netlify.automation.scenario2" name="s2" time="3.778"/>
  <system-out/>
  <testcase classname="app.netlify.automation.scenario2" name="s2" time="20.028"/>
  <system-out/>
  <testcase classname="app.netlify.automation.scenario2" name="s2" time="3.395"/>
  <system-out/>
  <testcase classname="app.netlify.automation.scenario2" name="s2" time="15.985"/>
  <system-out/>
  <testcase classname="app.netlify.automation.scenario2" name="s2" time="8.871"/>
  <system-out/>
  <testcase classname="app.netlify.automation.scenario2" name="s2" time="10.782"/>
  <system-out/>
  <testcase classname="app.netlify.automation.scenario2" name="s2" time="73.075"/>
  <system-out/>
  <testcase classname="app.netlify.automation.scenario2" name="s2" time="3.426"/>
  <system-out/>
  <testcase classname="app.netlify.automation.scenario2" name="s2" time="14.942"/>
  <system-out/>
</testsuite> <!-- app.netlify.automation.scenario2 -->
