<?xml version="1.0" encoding="UTF-8"?>
<!-- Generated by org.testng.reporters.JUnitReportReporter -->
<testsuite hostname="WSAMZN-1TV72SN0" failures="0" tests="10" name="app.netlify.automation.scenario2" time="146.811" errors="0" timestamp="2021-05-18T13:18:23 GMT" skipped="0">
  <testcase classname="app.netlify.automation.scenario2" name="s2" time="10.554"/>
  <system-out/>
  <testcase classname="app.netlify.automation.scenario2" name="s2" time="3.472"/>
  <system-out/>
  <testcase classname="app.netlify.automation.scenario2" name="s2" time="3.671"/>
  <system-out/>
  <testcase classname="app.netlify.automation.scenario2" name="s2" time="12.770"/>
  <system-out/>
  <testcase classname="app.netlify.automation.scenario2" name="s2" time="54.093"/>
  <system-out/>
  <testcase classname="app.netlify.automation.scenario2" name="s2" time="15.801"/>
  <system-out/>
  <testcase classname="app.netlify.automation.scenario2" name="s2" time="6.682"/>
  <system-out/>
  <testcase classname="app.netlify.automation.scenario2" name="s2" time="3.381"/>
  <system-out/>
  <testcase classname="app.netlify.automation.scenario2" name="s2" time="28.506"/>
  <system-out/>
  <testcase classname="app.netlify.automation.scenario2" name="s2" time="7.881"/>
  <system-out/>
</testsuite> <!-- app.netlify.automation.scenario2 -->
