<?xml version="1.0" encoding="UTF-8"?>
<!-- Generated by org.testng.reporters.JUnitReportReporter -->
<testsuite hostname="WSAMZN-1TV72SN0" failures="0" tests="9" name="app.netlify.automation.scenario1" time="102.141" errors="0" timestamp="2021-05-18T01:02:38 GMT" skipped="0">
  <testcase classname="app.netlify.automation.scenario1" name="s1" time="29.465"/>
  <system-out/>
  <testcase classname="app.netlify.automation.scenario1" name="s1" time="8.819"/>
  <system-out/>
  <testcase classname="app.netlify.automation.scenario1" name="s1" time="7.532"/>
  <system-out/>
  <testcase classname="app.netlify.automation.scenario1" name="s1" time="4.899"/>
  <system-out/>
  <testcase classname="app.netlify.automation.scenario1" name="s1" time="18.037"/>
  <system-out/>
  <testcase classname="app.netlify.automation.scenario1" name="s1" time="12.445"/>
  <system-out/>
  <testcase classname="app.netlify.automation.scenario1" name="s1" time="3.373"/>
  <system-out/>
  <testcase classname="app.netlify.automation.scenario1" name="s1" time="14.992"/>
  <system-out/>
  <testcase classname="app.netlify.automation.scenario1" name="s1" time="2.579"/>
  <system-out/>
</testsuite> <!-- app.netlify.automation.scenario1 -->
