<?xml version="1.0" encoding="UTF-8"?>
<!-- Generated by org.testng.reporters.JUnitReportReporter -->
<testsuite hostname="WSAMZN-1TV72SN0" failures="0" tests="1" name="app.netlify.automation.scenario1" time="4.859" errors="0" timestamp="2021-05-18T15:25:04 GMT" skipped="0">
  <testcase classname="app.netlify.automation.scenario1" name="s1" time="4.859"/>
  <system-out/>
</testsuite> <!-- app.netlify.automation.scenario1 -->
