<?xml version="1.0" encoding="UTF-8"?>
<!-- Generated by org.testng.reporters.JUnitReportReporter -->
<testsuite hostname="WSAMZN-1TV72SN0" failures="0" tests="1" name="app.netlify.automation.bstack" time="20.097" errors="0" timestamp="2021-05-13T15:17:12 AEST" skipped="0">
  <testcase classname="app.netlify.automation.bstack" name="bsetup" time="20.097"/>
  <system-out/>
</testsuite> <!-- app.netlify.automation.bstack -->
