<?xml version="1.0" encoding="UTF-8"?>
<!-- Generated by org.testng.reporters.JUnitReportReporter -->
<testsuite hostname="WSAMZN-1TV72SN0" failures="0" tests="9" name="app.netlify.automation.scenario1" time="138.828" errors="0" timestamp="2021-05-18T13:18:23 GMT" skipped="0">
  <testcase classname="app.netlify.automation.scenario1" name="s1" time="3.124"/>
  <system-out/>
  <testcase classname="app.netlify.automation.scenario1" name="s1" time="4.231"/>
  <system-out/>
  <testcase classname="app.netlify.automation.scenario1" name="s1" time="15.738"/>
  <system-out/>
  <testcase classname="app.netlify.automation.scenario1" name="s1" time="4.916"/>
  <system-out/>
  <testcase classname="app.netlify.automation.scenario1" name="s1" time="8.622"/>
  <system-out/>
  <testcase classname="app.netlify.automation.scenario1" name="s1" time="19.137"/>
  <system-out/>
  <testcase classname="app.netlify.automation.scenario1" name="s1" time="60.627"/>
  <system-out/>
  <testcase classname="app.netlify.automation.scenario1" name="s1" time="13.436"/>
  <system-out/>
  <testcase classname="app.netlify.automation.scenario1" name="s1" time="8.997"/>
  <system-out/>
</testsuite> <!-- app.netlify.automation.scenario1 -->
