<?xml version="1.0" encoding="UTF-8"?>
<!-- Generated by org.testng.reporters.JUnitReportReporter -->
<testsuite hostname="WSAMZN-1TV72SN0" failures="0" tests="10" name="app.netlify.automation.scenario2" time="118.503" errors="0" timestamp="2021-05-18T01:02:38 GMT" skipped="0">
  <testcase classname="app.netlify.automation.scenario2" name="s2" time="38.973"/>
  <system-out/>
  <testcase classname="app.netlify.automation.scenario2" name="s2" time="2.798"/>
  <system-out/>
  <testcase classname="app.netlify.automation.scenario2" name="s2" time="2.448"/>
  <system-out/>
  <testcase classname="app.netlify.automation.scenario2" name="s2" time="2.470"/>
  <system-out/>
  <testcase classname="app.netlify.automation.scenario2" name="s2" time="12.369"/>
  <system-out/>
  <testcase classname="app.netlify.automation.scenario2" name="s2" time="14.519"/>
  <system-out/>
  <testcase classname="app.netlify.automation.scenario2" name="s2" time="11.624"/>
  <system-out/>
  <testcase classname="app.netlify.automation.scenario2" name="s2" time="11.674"/>
  <system-out/>
  <testcase classname="app.netlify.automation.scenario2" name="s2" time="5.795"/>
  <system-out/>
  <testcase classname="app.netlify.automation.scenario2" name="s2" time="15.833"/>
  <system-out/>
</testsuite> <!-- app.netlify.automation.scenario2 -->
